<?xml version="1.0" encoding="UTF-8"?>
<testsuite name="runner.TestRunner" tests="1" skipped="0" failures="0" errors="0" timestamp="2021-02-24T16:36:17" hostname="LAPTOP-EE9G4VBR" time="0.027">
  <properties/>
  <testcase name="testSampleFile()" classname="runner.TestRunner" time="0.027"/>
  <system-out><![CDATA[Juha   
Karvinen   
Claes Månsson   
Clarencé Andersson   
]]></system-out>
  <system-err><![CDATA[]]></system-err>
</testsuite>
